<?xml version="1.0" encoding="UTF-8"?>
<!-- Generated by org.testng.reporters.JUnitReportReporter -->
<testsuite hostname="DESKTOP-3FJ04G4" failures="0" tests="1" name="com.seleniumtraining.testcases.TestCaseDemo" time="0.005" errors="0" timestamp="2024-03-07T11:52:22 PST" skipped="0">
  <testcase classname="com.seleniumtraining.testcases.TestCaseDemo" name="testCheck" time="0.005"/>
</testsuite> <!-- com.seleniumtraining.testcases.TestCaseDemo -->
